<?xml version="1.0" encoding="UTF-8"?>
<!-- Generated by org.testng.reporters.JUnitReportReporter -->
<testsuite hostname="DESKTOP-J5146E8" failures="0" tests="1" name="AndoidAutomation.Liquide.SetAlert" time="131.874" errors="0" timestamp="2025-03-06T05:56:12 IST" skipped="0">
  <testcase classname="AndoidAutomation.Liquide.SetAlert" name="SetStockAlert" time="131.874"/>
  <system-out/>
</testsuite> <!-- AndoidAutomation.Liquide.SetAlert -->
