<?xml version="1.0" encoding="UTF-8"?>
<!-- Generated by org.testng.reporters.JUnitReportReporter -->
<testsuite hostname="DESKTOP-J5146E8" failures="0" tests="1" name="AndoidAutomation.Liquide.AskLimo" time="145.749" errors="0" timestamp="2025-03-10T17:58:45 IST" skipped="0">
  <testcase classname="AndoidAutomation.Liquide.AskLimo" name="askLimo" time="145.749"/>
  <system-out/>
</testsuite> <!-- AndoidAutomation.Liquide.AskLimo -->
