<?xml version="1.0" encoding="UTF-8"?>
<!-- Generated by org.testng.reporters.JUnitReportReporter -->
<testsuite hostname="DESKTOP-J5146E8" failures="0" tests="1" name="AndoidAutomation.Liquide.EditProfile" time="147.843" errors="0" timestamp="2025-03-10T17:58:45 IST" skipped="0">
  <testcase classname="AndoidAutomation.Liquide.EditProfile" name="editEmail" time="147.843"/>
  <system-out/>
</testsuite> <!-- AndoidAutomation.Liquide.EditProfile -->
