<?xml version="1.0" encoding="UTF-8"?>
<!-- Generated by org.testng.reporters.JUnitReportReporter -->
<testsuite hostname="DESKTOP-J5146E8" failures="0" tests="2" name="AndoidAutomation.Liquide.Login" time="53.246" errors="0" timestamp="2025-03-02T01:43:47 IST" skipped="0">
  <testcase classname="AndoidAutomation.Liquide.Login" name="LoginTest_Invalid" time="36.880"/>
  <testcase classname="AndoidAutomation.Liquide.Login" name="LoginTest_Valid" time="16.366"/>
</testsuite> <!-- AndoidAutomation.Liquide.Login -->
