<?xml version="1.0" encoding="UTF-8"?>
<!-- Generated by org.testng.reporters.JUnitReportReporter -->
<testsuite hostname="DESKTOP-J5146E8" failures="0" tests="1" name="AndoidAutomation.Liquide.AddToWishlist" time="99.401" errors="0" timestamp="2025-03-04T02:22:09 IST" skipped="0">
  <testcase classname="AndoidAutomation.Liquide.AddToWishlist" name="addtoWishlist" time="99.401"/>
</testsuite> <!-- AndoidAutomation.Liquide.AddToWishlist -->
