<?xml version="1.0" encoding="UTF-8"?>
<!-- Generated by org.testng.reporters.JUnitReportReporter -->
<testsuite hostname="DESKTOP-J5146E8" failures="0" tests="1" name="AndoidAutomation.Liquide.AskLimo" time="144.888" errors="0" timestamp="2025-03-05T02:30:37 IST" skipped="0">
  <testcase classname="AndoidAutomation.Liquide.AskLimo" name="askLimo" time="144.888"/>
  <system-out/>
</testsuite> <!-- AndoidAutomation.Liquide.AskLimo -->
