<?xml version="1.0" encoding="UTF-8"?>
<!-- Generated by org.testng.reporters.JUnitReportReporter -->
<testsuite hostname="DESKTOP-J5146E8" failures="0" tests="2" name="AndoidAutomation.Liquide.Login" time="64.621" errors="0" timestamp="2025-03-10T17:58:45 IST" skipped="0">
  <testcase classname="AndoidAutomation.Liquide.Login" name="loginTest_InvalidOTP" time="39.803"/>
  <system-out/>
  <testcase classname="AndoidAutomation.Liquide.Login" name="loginTest_ValidOTP" time="24.818"/>
  <system-out/>
</testsuite> <!-- AndoidAutomation.Liquide.Login -->
