<?xml version="1.0" encoding="UTF-8"?>
<!-- Generated by org.testng.reporters.JUnitReportReporter -->
<testsuite hostname="DESKTOP-J5146E8" failures="0" tests="1" name="AndoidAutomation.Liquide.Login" time="36.391" errors="0" timestamp="2025-03-01T22:03:27 IST" skipped="0">
  <testcase classname="AndoidAutomation.Liquide.Login" name="LoginTest" time="36.391"/>
</testsuite> <!-- AndoidAutomation.Liquide.Login -->
